{"date":"2023-06-03 02:05:41,600","priority":"INFO","pid":"94360","thread":"main","logger":"com.facuramallo.logging.LoggingApplicationKt","message":"Starting LoggingApplicationKt using Java 17.0.5 on MacBook-Pro-de-Facundo.local with PID 94360 (/Users/facundo.ramallo/Documents/programing/repos/logging/build/classes/kotlin/main started by facundo.ramallo in /Users/facundo.ramallo/Documents/programing/repos/logging)","stacktrace":"","team":"-"}
{"date":"2023-06-03 02:05:41,601","priority":"INFO","pid":"94360","thread":"main","logger":"com.facuramallo.logging.LoggingApplicationKt","message":"The following 1 profile is active: \"k8s\"","stacktrace":"","team":"-"}
{"date":"2023-06-03 02:05:42,126","priority":"INFO","pid":"94360","thread":"main","logger":"org.springframework.boot.web.embedded.tomcat.TomcatWebServer","message":"Tomcat initialized with port(s): 8080 (http)","stacktrace":"","team":"-"}
{"date":"2023-06-03 02:05:42,131","priority":"INFO","pid":"94360","thread":"main","logger":"org.apache.coyote.http11.Http11NioProtocol","message":"Initializing ProtocolHandler [\"http-nio-8080\"]","stacktrace":"","team":"-"}
{"date":"2023-06-03 02:05:42,131","priority":"INFO","pid":"94360","thread":"main","logger":"org.apache.catalina.core.StandardService","message":"Starting service [Tomcat]","stacktrace":"","team":"-"}
{"date":"2023-06-03 02:05:42,131","priority":"INFO","pid":"94360","thread":"main","logger":"org.apache.catalina.core.StandardEngine","message":"Starting Servlet engine: [Apache Tomcat/9.0.75]","stacktrace":"","team":"-"}
{"date":"2023-06-03 02:05:42,176","priority":"INFO","pid":"94360","thread":"main","logger":"org.apache.catalina.core.ContainerBase.[Tomcat].[localhost].[/]","message":"Initializing Spring embedded WebApplicationContext","stacktrace":"","team":"-"}
{"date":"2023-06-03 02:05:42,176","priority":"INFO","pid":"94360","thread":"main","logger":"org.springframework.boot.web.servlet.context.ServletWebServerApplicationContext","message":"Root WebApplicationContext: initialization completed in 556 ms","stacktrace":"","team":"-"}
{"date":"2023-06-03 02:05:42,312","priority":"INFO","pid":"94360","thread":"main","logger":"org.apache.coyote.http11.Http11NioProtocol","message":"Starting ProtocolHandler [\"http-nio-8080\"]","stacktrace":"","team":"-"}
{"date":"2023-06-03 02:05:42,322","priority":"INFO","pid":"94360","thread":"main","logger":"org.springframework.boot.web.embedded.tomcat.TomcatWebServer","message":"Tomcat started on port(s): 8080 (http) with context path ''","stacktrace":"","team":"-"}
{"date":"2023-06-03 02:05:42,327","priority":"INFO","pid":"94360","thread":"main","logger":"com.facuramallo.logging.LoggingApplicationKt","message":"Started LoggingApplicationKt in 0.995 seconds (JVM running for 1.483)","stacktrace":"","team":"-"}
{"date":"2023-06-03 02:05:58,315","priority":"INFO","pid":"94360","thread":"http-nio-8080-exec-2","logger":"org.apache.catalina.core.ContainerBase.[Tomcat].[localhost].[/]","message":"Initializing Spring DispatcherServlet 'dispatcherServlet'","stacktrace":"","team":"-"}
{"date":"2023-06-03 02:05:58,316","priority":"INFO","pid":"94360","thread":"http-nio-8080-exec-2","logger":"org.springframework.web.servlet.DispatcherServlet","message":"Initializing Servlet 'dispatcherServlet'","stacktrace":"","team":"-"}
{"date":"2023-06-03 02:05:58,316","priority":"INFO","pid":"94360","thread":"http-nio-8080-exec-2","logger":"org.springframework.web.servlet.DispatcherServlet","message":"Completed initialization in 0 ms","stacktrace":"","team":"-"}
{"date":"2023-06-03 02:05:58,328","priority":"INFO","pid":"94360","thread":"http-nio-8080-exec-2","logger":"com.facuramallo.logging.GetController","message":"loggin a log from GetController","stacktrace":"","team":"-","header-${headers}":"-"}
{"date":"2023-06-03 02:06:00,750","priority":"INFO","pid":"94360","thread":"http-nio-8080-exec-3","logger":"com.facuramallo.logging.GetController","message":"loggin a log from GetController","stacktrace":"","team":"-","header-${headers}":"-"}
{"date":"2023-06-03 02:07:07,086","priority":"INFO","pid":"94360","thread":"http-nio-8080-exec-5","logger":"com.facuramallo.logging.GetController","message":"loggin a log from GetController","stacktrace":"","team":"-","header-${headers}":"-"}
{"date":"2023-06-03 02:07:15,301","priority":"INFO","pid":"94360","thread":"http-nio-8080-exec-7","logger":"com.facuramallo.logging.GetController","message":"loggin a log from GetController","stacktrace":"","team":"-","header-${headers}":"-"}
{"date":"2023-06-03 02:08:55,202","priority":"INFO","pid":"6817","thread":"main","logger":"com.facuramallo.logging.LoggingApplicationKt","message":"Starting LoggingApplicationKt using Java 17.0.5 on MacBook-Pro-de-Facundo.local with PID 6817 (/Users/facundo.ramallo/Documents/programing/repos/logging/build/classes/kotlin/main started by facundo.ramallo in /Users/facundo.ramallo/Documents/programing/repos/logging)","stacktrace":"","team":"-"}
{"date":"2023-06-03 02:08:55,202","priority":"INFO","pid":"6817","thread":"main","logger":"com.facuramallo.logging.LoggingApplicationKt","message":"The following 1 profile is active: \"k8s\"","stacktrace":"","team":"-"}
{"date":"2023-06-03 02:08:55,738","priority":"INFO","pid":"6817","thread":"main","logger":"org.springframework.boot.web.embedded.tomcat.TomcatWebServer","message":"Tomcat initialized with port(s): 8080 (http)","stacktrace":"","team":"-"}
{"date":"2023-06-03 02:08:55,742","priority":"INFO","pid":"6817","thread":"main","logger":"org.apache.coyote.http11.Http11NioProtocol","message":"Initializing ProtocolHandler [\"http-nio-8080\"]","stacktrace":"","team":"-"}
{"date":"2023-06-03 02:08:55,742","priority":"INFO","pid":"6817","thread":"main","logger":"org.apache.catalina.core.StandardService","message":"Starting service [Tomcat]","stacktrace":"","team":"-"}
{"date":"2023-06-03 02:08:55,742","priority":"INFO","pid":"6817","thread":"main","logger":"org.apache.catalina.core.StandardEngine","message":"Starting Servlet engine: [Apache Tomcat/9.0.75]","stacktrace":"","team":"-"}
{"date":"2023-06-03 02:08:55,788","priority":"INFO","pid":"6817","thread":"main","logger":"org.apache.catalina.core.ContainerBase.[Tomcat].[localhost].[/]","message":"Initializing Spring embedded WebApplicationContext","stacktrace":"","team":"-"}
{"date":"2023-06-03 02:08:55,788","priority":"INFO","pid":"6817","thread":"main","logger":"org.springframework.boot.web.servlet.context.ServletWebServerApplicationContext","message":"Root WebApplicationContext: initialization completed in 567 ms","stacktrace":"","team":"-"}
{"date":"2023-06-03 02:08:55,920","priority":"INFO","pid":"6817","thread":"main","logger":"org.apache.coyote.http11.Http11NioProtocol","message":"Starting ProtocolHandler [\"http-nio-8080\"]","stacktrace":"","team":"-"}
{"date":"2023-06-03 02:08:55,930","priority":"INFO","pid":"6817","thread":"main","logger":"org.springframework.boot.web.embedded.tomcat.TomcatWebServer","message":"Tomcat started on port(s): 8080 (http) with context path ''","stacktrace":"","team":"-"}
{"date":"2023-06-03 02:08:55,935","priority":"INFO","pid":"6817","thread":"main","logger":"com.facuramallo.logging.LoggingApplicationKt","message":"Started LoggingApplicationKt in 0.981 seconds (JVM running for 1.347)","stacktrace":"","team":"-"}
{"date":"2023-06-03 02:09:07,733","priority":"INFO","pid":"6817","thread":"http-nio-8080-exec-1","logger":"org.apache.catalina.core.ContainerBase.[Tomcat].[localhost].[/]","message":"Initializing Spring DispatcherServlet 'dispatcherServlet'","stacktrace":"","team":"-"}
{"date":"2023-06-03 02:09:07,733","priority":"INFO","pid":"6817","thread":"http-nio-8080-exec-1","logger":"org.springframework.web.servlet.DispatcherServlet","message":"Initializing Servlet 'dispatcherServlet'","stacktrace":"","team":"-"}
{"date":"2023-06-03 02:09:07,734","priority":"INFO","pid":"6817","thread":"http-nio-8080-exec-1","logger":"org.springframework.web.servlet.DispatcherServlet","message":"Completed initialization in 1 ms","stacktrace":"","team":"-"}
{"date":"2023-06-03 02:09:07,746","priority":"INFO","pid":"6817","thread":"http-nio-8080-exec-1","logger":"com.facuramallo.logging.GetController","message":"loggin a log from GetController","stacktrace":"","team":"-","header-${headers}":"-"}
{"date":"2023-06-03 02:09:14,594","priority":"INFO","pid":"6817","thread":"http-nio-8080-exec-2","logger":"com.facuramallo.logging.GetController","message":"loggin a log from GetController","stacktrace":"","team":"-","header-${headers}":"-"}
{"date":"2023-06-03 02:10:09,968","priority":"INFO","pid":"6817","thread":"http-nio-8080-exec-4","logger":"com.facuramallo.logging.GetController","message":"loggin a log from GetController","stacktrace":"","team":"-","header-${headers}":"-"}
{"date":"2023-06-03 02:10:12,185","priority":"INFO","pid":"6817","thread":"http-nio-8080-exec-5","logger":"com.facuramallo.logging.GetController","message":"loggin a log from GetController","stacktrace":"","team":"-","header-${headers}":"-"}
{"date":"2023-06-03 02:11:01,095","priority":"INFO","pid":"14483","thread":"main","logger":"com.facuramallo.logging.LoggingApplicationKt","message":"Starting LoggingApplicationKt using Java 17.0.5 on MacBook-Pro-de-Facundo.local with PID 14483 (/Users/facundo.ramallo/Documents/programing/repos/logging/build/classes/kotlin/main started by facundo.ramallo in /Users/facundo.ramallo/Documents/programing/repos/logging)","stacktrace":"","team":"-"}
{"date":"2023-06-03 02:11:01,095","priority":"INFO","pid":"14483","thread":"main","logger":"com.facuramallo.logging.LoggingApplicationKt","message":"The following 1 profile is active: \"k8s\"","stacktrace":"","team":"-"}
{"date":"2023-06-03 02:11:01,623","priority":"INFO","pid":"14483","thread":"main","logger":"org.springframework.boot.web.embedded.tomcat.TomcatWebServer","message":"Tomcat initialized with port(s): 8080 (http)","stacktrace":"","team":"-"}
{"date":"2023-06-03 02:11:01,627","priority":"INFO","pid":"14483","thread":"main","logger":"org.apache.coyote.http11.Http11NioProtocol","message":"Initializing ProtocolHandler [\"http-nio-8080\"]","stacktrace":"","team":"-"}
{"date":"2023-06-03 02:11:01,627","priority":"INFO","pid":"14483","thread":"main","logger":"org.apache.catalina.core.StandardService","message":"Starting service [Tomcat]","stacktrace":"","team":"-"}
{"date":"2023-06-03 02:11:01,627","priority":"INFO","pid":"14483","thread":"main","logger":"org.apache.catalina.core.StandardEngine","message":"Starting Servlet engine: [Apache Tomcat/9.0.75]","stacktrace":"","team":"-"}
{"date":"2023-06-03 02:11:01,669","priority":"INFO","pid":"14483","thread":"main","logger":"org.apache.catalina.core.ContainerBase.[Tomcat].[localhost].[/]","message":"Initializing Spring embedded WebApplicationContext","stacktrace":"","team":"-"}
{"date":"2023-06-03 02:11:01,669","priority":"INFO","pid":"14483","thread":"main","logger":"org.springframework.boot.web.servlet.context.ServletWebServerApplicationContext","message":"Root WebApplicationContext: initialization completed in 555 ms","stacktrace":"","team":"-"}
{"date":"2023-06-03 02:11:01,804","priority":"INFO","pid":"14483","thread":"main","logger":"org.apache.coyote.http11.Http11NioProtocol","message":"Starting ProtocolHandler [\"http-nio-8080\"]","stacktrace":"","team":"-"}
{"date":"2023-06-03 02:11:01,812","priority":"INFO","pid":"14483","thread":"main","logger":"org.springframework.boot.web.embedded.tomcat.TomcatWebServer","message":"Tomcat started on port(s): 8080 (http) with context path ''","stacktrace":"","team":"-"}
{"date":"2023-06-03 02:11:01,817","priority":"INFO","pid":"14483","thread":"main","logger":"com.facuramallo.logging.LoggingApplicationKt","message":"Started LoggingApplicationKt in 0.964 seconds (JVM running for 1.741)","stacktrace":"","team":"-"}
{"date":"2023-06-03 02:11:12,525","priority":"INFO","pid":"14483","thread":"http-nio-8080-exec-2","logger":"org.apache.catalina.core.ContainerBase.[Tomcat].[localhost].[/]","message":"Initializing Spring DispatcherServlet 'dispatcherServlet'","stacktrace":"","team":"-"}
{"date":"2023-06-03 02:11:12,526","priority":"INFO","pid":"14483","thread":"http-nio-8080-exec-2","logger":"org.springframework.web.servlet.DispatcherServlet","message":"Initializing Servlet 'dispatcherServlet'","stacktrace":"","team":"-"}
{"date":"2023-06-03 02:11:12,526","priority":"INFO","pid":"14483","thread":"http-nio-8080-exec-2","logger":"org.springframework.web.servlet.DispatcherServlet","message":"Completed initialization in 0 ms","stacktrace":"","team":"-"}
{"date":"2023-06-03 02:11:12,539","priority":"INFO","pid":"14483","thread":"http-nio-8080-exec-2","logger":"com.facuramallo.logging.GetController","message":"loggin a log from GetController","stacktrace":"","team":"-","header-${headers}":"-"}
